Crashlog created at 2017-07-07 16:09:56 +0530

===== MESSAGE:

ArgumentError: cell value '200' is not a String

===== ITEM BEING COMPILED:

Item identifier: /googlecharts/index.html
Item rep name:   :default

===== STACK TRACE:

  0. /Users/shekharrajak/.rbenv/versions/2.3.1/lib/ruby/gems/2.3.0/gems/google_visualr-2.5.1/lib/google_visualr/data_table.rb:173:in `set_cell'
  1. /Users/shekharrajak/.rbenv/versions/2.3.1/lib/ruby/gems/2.3.0/gems/google_visualr-2.5.1/lib/google_visualr/data_table.rb:132:in `block in add_row'
  2. /Users/shekharrajak/.rbenv/versions/2.3.1/lib/ruby/gems/2.3.0/gems/google_visualr-2.5.1/lib/google_visualr/data_table.rb:131:in `each'
  3. /Users/shekharrajak/.rbenv/versions/2.3.1/lib/ruby/gems/2.3.0/gems/google_visualr-2.5.1/lib/google_visualr/data_table.rb:131:in `each_with_index'
  4. /Users/shekharrajak/.rbenv/versions/2.3.1/lib/ruby/gems/2.3.0/gems/google_visualr-2.5.1/lib/google_visualr/data_table.rb:131:in `add_row'
  5. /Users/shekharrajak/.rbenv/versions/2.3.1/lib/ruby/gems/2.3.0/gems/google_visualr-2.5.1/lib/google_visualr/data_table.rb:145:in `block in add_rows'
  6. /Users/shekharrajak/.rbenv/versions/2.3.1/lib/ruby/gems/2.3.0/gems/google_visualr-2.5.1/lib/google_visualr/data_table.rb:144:in `each'
  7. /Users/shekharrajak/.rbenv/versions/2.3.1/lib/ruby/gems/2.3.0/gems/google_visualr-2.5.1/lib/google_visualr/data_table.rb:144:in `add_rows'
  8. /Users/shekharrajak/Documents/gsoc17/daru-view/lib/daru/view/adapters/googlecharts.rb:123:in `add_data_in_table'
  9. /Users/shekharrajak/Documents/gsoc17/daru-view/lib/daru/view/adapters/googlecharts.rb:50:in `init_table'
  10. /Users/shekharrajak/Documents/gsoc17/daru-view/lib/daru/view/table.rb:95:in `table_data'
  11. /Users/shekharrajak/Documents/gsoc17/daru-view/lib/daru/view/table.rb:43:in `initialize'
  12. lib/default.rb:297:in `new'
  13. lib/default.rb:297:in `googlecharts_example_geo'
  14. item /googlecharts/index.html (rep default):20:in `get_binding'
  15. /Users/shekharrajak/.rbenv/versions/2.3.1/lib/ruby/2.3.0/erb.rb:864:in `eval'
  16. /Users/shekharrajak/.rbenv/versions/2.3.1/lib/ruby/2.3.0/erb.rb:864:in `result'
  17. /Users/shekharrajak/.rbenv/versions/2.3.1/lib/ruby/gems/2.3.0/gems/nanoc-4.7.13/lib/nanoc/filters/erb.rb:36:in `run'
  18. /Users/shekharrajak/.rbenv/versions/2.3.1/lib/ruby/gems/2.3.0/gems/nanoc-4.7.13/lib/nanoc/base/services/filter.rb:152:in `setup_and_run'
  19. /Users/shekharrajak/.rbenv/versions/2.3.1/lib/ruby/gems/2.3.0/gems/nanoc-4.7.13/lib/nanoc/base/services/executor.rb:28:in `filter'
  20. /Users/shekharrajak/.rbenv/versions/2.3.1/lib/ruby/gems/2.3.0/gems/nanoc-4.7.13/lib/nanoc/base/services/compiler/phases/recalculate.rb:30:in `block in run'
  21. /Users/shekharrajak/.rbenv/versions/2.3.1/lib/ruby/gems/2.3.0/gems/nanoc-4.7.13/lib/nanoc/base/entities/action_sequence.rb:50:in `block in each'
  22. /Users/shekharrajak/.rbenv/versions/2.3.1/lib/ruby/gems/2.3.0/gems/nanoc-4.7.13/lib/nanoc/base/entities/action_sequence.rb:50:in `each'
  23. /Users/shekharrajak/.rbenv/versions/2.3.1/lib/ruby/gems/2.3.0/gems/nanoc-4.7.13/lib/nanoc/base/entities/action_sequence.rb:50:in `each'
  24. /Users/shekharrajak/.rbenv/versions/2.3.1/lib/ruby/gems/2.3.0/gems/nanoc-4.7.13/lib/nanoc/base/services/compiler/phases/recalculate.rb:27:in `run'
  25. /Users/shekharrajak/.rbenv/versions/2.3.1/lib/ruby/gems/2.3.0/gems/nanoc-4.7.13/lib/nanoc/base/services/compiler/phases/abstract.rb:13:in `call'
  26. /Users/shekharrajak/.rbenv/versions/2.3.1/lib/ruby/gems/2.3.0/gems/nanoc-4.7.13/lib/nanoc/base/services/compiler/phases/abstract.rb:15:in `block in call'
  27. /Users/shekharrajak/.rbenv/versions/2.3.1/lib/ruby/gems/2.3.0/gems/nanoc-4.7.13/lib/nanoc/base/services/compiler/phases/cache.rb:23:in `run'
  28. /Users/shekharrajak/.rbenv/versions/2.3.1/lib/ruby/gems/2.3.0/gems/nanoc-4.7.13/lib/nanoc/base/services/compiler/phases/abstract.rb:13:in `call'
  29. /Users/shekharrajak/.rbenv/versions/2.3.1/lib/ruby/gems/2.3.0/gems/nanoc-4.7.13/lib/nanoc/base/services/compiler/phases/abstract.rb:15:in `block in call'
  30. /Users/shekharrajak/.rbenv/versions/2.3.1/lib/ruby/gems/2.3.0/gems/nanoc-4.7.13/lib/nanoc/base/services/compiler/phases/resume.rb:14:in `block in run'

===== VERSION INFORMATION:

Nanoc 4.7.13 © 2007-2017 Denis Defreyne.
Running ruby 2.3.1 (2016-04-26) on x86_64-darwin16 with RubyGems 2.5.1.

===== SYSTEM INFORMATION:

Darwin HackerDude 16.6.0 Darwin Kernel Version 16.6.0: Fri Apr 14 16:21:16 PDT 2017; root:xnu-3789.60.24~6/RELEASE_X86_64 x86_64

===== INSTALLED GEMS:

  actionview 5.1.2
  activesupport 5.1.2
  adsf 1.2.1
  ast 2.3.0
  backports 3.8.0
  builder 3.2.3
  bundler 1.15.1
  byebug 9.0.6
  coderay 1.1.1
  colored 1.2
  concurrent-ruby 1.0.5
  cri 2.9.1
  daru 0.1.5
  daru-view 0.1.0
  ddplugin 1.0.1
  diff-lcs 1.3
  docile 1.1.5
  erubi 1.6.1
  google_visualr 2.5.1
  hamster 3.0.0
  hash-deep-merge 0.1.1
  i18n 0.8.4
  json 2.1.0
  lazy_high_charts 1.5.8
  loofah 2.0.3
  method_source 0.8.2
  mini_portile2 2.2.0
  minitest 5.10.2
  nanoc 4.7.13
  nokogiri 1.8.0
  nyaplot 0.1.6
  parallel 1.11.2
  parser 2.4.0.0
  powerpack 0.1.1
  pry 0.10.4
  pry-byebug 3.4.2
  rack 2.0.3
  rails-dom-testing 2.0.3
  rails-html-sanitizer 1.0.3
  rainbow 2.2.2
  rake 10.5.0
  ref 2.0.0
  rspec 3.6.0
  rspec-core 3.6.0
  rspec-expectations 3.6.0
  rspec-mocks 3.6.0
  rspec-support 3.6.0
  rubocop 0.49.1
  ruby-progressbar 1.8.1
  simplecov 0.14.1
  simplecov-html 0.10.1
  slop 3.6.0
  thread_safe 0.3.6
  tzinfo 1.2.3
  unicode-display_width 1.3.0

===== GEMFILE.LOCK:

GIT
  remote: https://github.com/SciRuby/daru.git
  revision: fc181a8f904b07dbb7057f142bc17c11e716223b
  specs:
    daru (0.1.5)
      backports

GIT
  remote: https://github.com/sciruby/nyaplot.git
  revision: 662ebc60b0d1e9fbebe7e06530d8450d266ebbdd
  specs:
    nyaplot (0.1.6)

PATH
  remote: ../..
  specs:
    daru-view (0.1.0)

GEM
  remote: http://rubygems.org/
  specs:
    actionview (5.1.2)
      activesupport (= 5.1.2)
      builder (~> 3.1)
      erubi (~> 1.4)
      rails-dom-testing (~> 2.0)
      rails-html-sanitizer (~> 1.0, >= 1.0.3)
    activesupport (5.1.2)
      concurrent-ruby (~> 1.0, >= 1.0.2)
      i18n (~> 0.7)
      minitest (~> 5.1)
      tzinfo (~> 1.1)
    adsf (1.2.1)
      rack (>= 1.0.0)
    ast (2.3.0)
    backports (3.8.0)
    builder (3.2.3)
    byebug (9.0.6)
    coderay (1.1.1)
    colored (1.2)
    concurrent-ruby (1.0.5)
    cri (2.9.1)
      colored (~> 1.2)
    ddplugin (1.0.1)
    diff-lcs (1.3)
    docile (1.1.5)
    erubi (1.6.1)
    google_visualr (2.5.1)
    hamster (3.0.0)
      concurrent-ruby (~> 1.0)
    hash-deep-merge (0.1.1)
    i18n (0.8.4)
    json (2.1.0)
    lazy_high_charts (1.5.8)
      hash-deep-merge
    loofah (2.0.3)
      nokogiri (>= 1.5.9)
    method_source (0.8.2)
    mini_portile2 (2.2.0)
    minitest (5.10.2)
    nanoc (4.7.13)
      cri (~> 2.8)
      ddplugin (~> 1.0)
      hamster (~> 3.0)
      ref (~> 2.0)
    nokogiri (1.8.0)
      mini_portile2 (~> 2.2.0)
    parallel (1.11.2)
    parser (2.4.0.0)
      ast (~> 2.2)
    powerpack (0.1.1)
    pry (0.10.4)
      coderay (~> 1.1.0)
      method_source (~> 0.8.1)
      slop (~> 3.4)
    pry-byebug (3.4.2)
      byebug (~> 9.0)
      pry (~> 0.10)
    rack (2.0.3)
    rails-dom-testing (2.0.3)
      activesupport (>= 4.2.0)
      nokogiri (>= 1.6)
    rails-html-sanitizer (1.0.3)
      loofah (~> 2.0)
    rainbow (2.2.2)
      rake
    rake (10.5.0)
    ref (2.0.0)
    rspec (3.6.0)
      rspec-core (~> 3.6.0)
      rspec-expectations (~> 3.6.0)
      rspec-mocks (~> 3.6.0)
    rspec-core (3.6.0)
      rspec-support (~> 3.6.0)
    rspec-expectations (3.6.0)
      diff-lcs (>= 1.2.0, < 2.0)
      rspec-support (~> 3.6.0)
    rspec-mocks (3.6.0)
      diff-lcs (>= 1.2.0, < 2.0)
      rspec-support (~> 3.6.0)
    rspec-support (3.6.0)
    rubocop (0.49.1)
      parallel (~> 1.10)
      parser (>= 2.3.3.1, < 3.0)
      powerpack (~> 0.1)
      rainbow (>= 1.99.1, < 3.0)
      ruby-progressbar (~> 1.7)
      unicode-display_width (~> 1.0, >= 1.0.1)
    ruby-progressbar (1.8.1)
    simplecov (0.14.1)
      docile (~> 1.1.0)
      json (>= 1.8, < 3)
      simplecov-html (~> 0.10.0)
    simplecov-html (0.10.1)
    slop (3.6.0)
    thread_safe (0.3.6)
    tzinfo (1.2.3)
      thread_safe (~> 0.1)
    unicode-display_width (1.3.0)

PLATFORMS
  ruby

DEPENDENCIES
  actionview
  adsf
  bundler (~> 1.14)
  daru!
  daru-view!
  google_visualr
  lazy_high_charts
  nanoc
  nokogiri
  nyaplot!
  pry (~> 0.10)
  pry-byebug
  rake (~> 10.0)
  rspec (~> 3.4)
  rubocop
  simplecov

BUNDLED WITH
   1.15.1

===== LOAD PATHS:

  0. /Users/shekharrajak/.rbenv/versions/2.3.1/lib/ruby/gems/2.3.0/gems/ref-2.0.0/lib
  1. /Users/shekharrajak/Documents/gsoc17/daru-view/lib
  2. /Users/shekharrajak/.rbenv/rbenv.d/exec/gem-rehash
  3. /Users/shekharrajak/.rbenv/versions/2.3.1/lib/ruby/gems/2.3.0/gems/bundler-1.15.1/lib
  4. /Users/shekharrajak/.rbenv/versions/2.3.1/lib/ruby/gems/2.3.0/gems/actionview-5.1.2/lib
  5. /Users/shekharrajak/.rbenv/versions/2.3.1/lib/ruby/gems/2.3.0/gems/rails-html-sanitizer-1.0.3/lib
  6. /Users/shekharrajak/.rbenv/versions/2.3.1/lib/ruby/gems/2.3.0/gems/loofah-2.0.3/lib
  7. /Users/shekharrajak/.rbenv/versions/2.3.1/lib/ruby/gems/2.3.0/gems/rails-dom-testing-2.0.3/lib
  8. /Users/shekharrajak/.rbenv/versions/2.3.1/lib/ruby/gems/2.3.0/gems/nokogiri-1.8.0/lib
  9. /Users/shekharrajak/.rbenv/versions/2.3.1/lib/ruby/gems/2.3.0/extensions/x86_64-darwin-16/2.3.0-static/nokogiri-1.8.0
  10. /Users/shekharrajak/.rbenv/versions/2.3.1/lib/ruby/gems/2.3.0/gems/mini_portile2-2.2.0/lib
  11. /Users/shekharrajak/.rbenv/versions/2.3.1/lib/ruby/gems/2.3.0/gems/erubi-1.6.1/lib
  12. /Users/shekharrajak/.rbenv/versions/2.3.1/lib/ruby/gems/2.3.0/gems/builder-3.2.3/lib
  13. /Users/shekharrajak/.rbenv/versions/2.3.1/lib/ruby/gems/2.3.0/gems/activesupport-5.1.2/lib
  14. /Users/shekharrajak/.rbenv/versions/2.3.1/lib/ruby/gems/2.3.0/gems/tzinfo-1.2.3/lib
  15. /Users/shekharrajak/.rbenv/versions/2.3.1/lib/ruby/gems/2.3.0/gems/thread_safe-0.3.6/lib
  16. /Users/shekharrajak/.rbenv/versions/2.3.1/lib/ruby/gems/2.3.0/gems/minitest-5.10.2/lib
  17. /Users/shekharrajak/.rbenv/versions/2.3.1/lib/ruby/gems/2.3.0/gems/i18n-0.8.4/lib
  18. /Users/shekharrajak/.rbenv/versions/2.3.1/lib/ruby/gems/2.3.0/gems/rubocop-0.49.1/lib
  19. /Users/shekharrajak/.rbenv/versions/2.3.1/lib/ruby/gems/2.3.0/gems/unicode-display_width-1.3.0/lib
  20. /Users/shekharrajak/.rbenv/versions/2.3.1/lib/ruby/gems/2.3.0/gems/ruby-progressbar-1.8.1/lib
  21. /Users/shekharrajak/.rbenv/versions/2.3.1/lib/ruby/gems/2.3.0/gems/rainbow-2.2.2/lib
  22. /Users/shekharrajak/.rbenv/versions/2.3.1/lib/ruby/gems/2.3.0/extensions/x86_64-darwin-16/2.3.0-static/rainbow-2.2.2
  23. /Users/shekharrajak/.rbenv/versions/2.3.1/lib/ruby/gems/2.3.0/gems/powerpack-0.1.1/lib
  24. /Users/shekharrajak/.rbenv/versions/2.3.1/lib/ruby/gems/2.3.0/gems/parser-2.4.0.0/lib
  25. /Users/shekharrajak/.rbenv/versions/2.3.1/lib/ruby/gems/2.3.0/gems/ast-2.3.0/lib
  26. /Users/shekharrajak/.rbenv/versions/2.3.1/lib/ruby/gems/2.3.0/gems/parallel-1.11.2/lib
  27. /Users/shekharrajak/.rbenv/versions/2.3.1/lib/ruby/gems/2.3.0/gems/google_visualr-2.5.1/lib
  28. /Users/shekharrajak/.rbenv/versions/2.3.1/lib/ruby/gems/2.3.0/gems/lazy_high_charts-1.5.8/lib
  29. /Users/shekharrajak/.rbenv/versions/2.3.1/lib/ruby/gems/2.3.0/gems/hash-deep-merge-0.1.1/lib
  30. /Users/shekharrajak/.rbenv/versions/2.3.1/lib/ruby/gems/2.3.0/gems/pry-byebug-3.4.2/lib
  31. /Users/shekharrajak/.rbenv/versions/2.3.1/lib/ruby/gems/2.3.0/gems/byebug-9.0.6/lib
  32. /Users/shekharrajak/.rbenv/versions/2.3.1/lib/ruby/gems/2.3.0/extensions/x86_64-darwin-16/2.3.0-static/byebug-9.0.6
  33. /Users/shekharrajak/.rbenv/versions/2.3.1/lib/ruby/gems/2.3.0/gems/pry-0.10.4/lib
  34. /Users/shekharrajak/.rbenv/versions/2.3.1/lib/ruby/gems/2.3.0/gems/slop-3.6.0/lib
  35. /Users/shekharrajak/.rbenv/versions/2.3.1/lib/ruby/gems/2.3.0/gems/method_source-0.8.2/lib
  36. /Users/shekharrajak/.rbenv/versions/2.3.1/lib/ruby/gems/2.3.0/gems/coderay-1.1.1/lib
  37. /Users/shekharrajak/.rbenv/versions/2.3.1/lib/ruby/gems/2.3.0/gems/simplecov-0.14.1/lib
  38. /Users/shekharrajak/.rbenv/versions/2.3.1/lib/ruby/gems/2.3.0/gems/simplecov-html-0.10.1/lib
  39. /Users/shekharrajak/.rbenv/versions/2.3.1/lib/ruby/gems/2.3.0/gems/json-2.1.0/lib
  40. /Users/shekharrajak/.rbenv/versions/2.3.1/lib/ruby/gems/2.3.0/extensions/x86_64-darwin-16/2.3.0-static/json-2.1.0
  41. /Users/shekharrajak/.rbenv/versions/2.3.1/lib/ruby/gems/2.3.0/gems/docile-1.1.5/lib
  42. /Users/shekharrajak/.rbenv/versions/2.3.1/lib/ruby/gems/2.3.0/gems/rspec-3.6.0/lib
  43. /Users/shekharrajak/.rbenv/versions/2.3.1/lib/ruby/gems/2.3.0/gems/rspec-mocks-3.6.0/lib
  44. /Users/shekharrajak/.rbenv/versions/2.3.1/lib/ruby/gems/2.3.0/gems/rspec-expectations-3.6.0/lib
  45. /Users/shekharrajak/.rbenv/versions/2.3.1/lib/ruby/gems/2.3.0/gems/diff-lcs-1.3/lib
  46. /Users/shekharrajak/.rbenv/versions/2.3.1/lib/ruby/gems/2.3.0/gems/rspec-core-3.6.0/lib
  47. /Users/shekharrajak/.rbenv/versions/2.3.1/lib/ruby/gems/2.3.0/gems/rspec-support-3.6.0/lib
  48. /Users/shekharrajak/.rbenv/versions/2.3.1/lib/ruby/gems/2.3.0/bundler/gems/nyaplot-662ebc60b0d1/lib
  49. /Users/shekharrajak/.rbenv/versions/2.3.1/lib/ruby/gems/2.3.0/bundler/gems/daru-fc181a8f904b/lib
  50. /Users/shekharrajak/.rbenv/versions/2.3.1/lib/ruby/gems/2.3.0/gems/backports-3.8.0/lib
  51. /Users/shekharrajak/.rbenv/versions/2.3.1/lib/ruby/gems/2.3.0/gems/adsf-1.2.1/lib
  52. /Users/shekharrajak/.rbenv/versions/2.3.1/lib/ruby/gems/2.3.0/gems/rack-2.0.3/lib
  53. /Users/shekharrajak/.rbenv/versions/2.3.1/lib/ruby/gems/2.3.0/gems/nanoc-4.7.13/lib
  54. /Users/shekharrajak/.rbenv/versions/2.3.1/lib/ruby/gems/2.3.0/gems/ref-2.0.0/lib
  55. /Users/shekharrajak/.rbenv/versions/2.3.1/lib/ruby/gems/2.3.0/gems/hamster-3.0.0/lib
  56. /Users/shekharrajak/.rbenv/versions/2.3.1/lib/ruby/gems/2.3.0/gems/concurrent-ruby-1.0.5/lib
  57. /Users/shekharrajak/.rbenv/versions/2.3.1/lib/ruby/gems/2.3.0/gems/ddplugin-1.0.1/lib
  58. /Users/shekharrajak/.rbenv/versions/2.3.1/lib/ruby/gems/2.3.0/gems/cri-2.9.1/lib
  59. /Users/shekharrajak/.rbenv/versions/2.3.1/lib/ruby/gems/2.3.0/gems/colored-1.2/lib
  60. /Users/shekharrajak/.rbenv/versions/2.3.1/lib/ruby/gems/2.3.0/gems/rake-10.5.0/lib
  61. /Users/shekharrajak/.rbenv/versions/2.3.1/lib/ruby/site_ruby/2.3.0
  62. /Users/shekharrajak/.rbenv/versions/2.3.1/lib/ruby/site_ruby/2.3.0/x86_64-darwin16
  63. /Users/shekharrajak/.rbenv/versions/2.3.1/lib/ruby/site_ruby
  64. /Users/shekharrajak/.rbenv/versions/2.3.1/lib/ruby/vendor_ruby/2.3.0
  65. /Users/shekharrajak/.rbenv/versions/2.3.1/lib/ruby/vendor_ruby/2.3.0/x86_64-darwin16
  66. /Users/shekharrajak/.rbenv/versions/2.3.1/lib/ruby/vendor_ruby
  67. /Users/shekharrajak/.rbenv/versions/2.3.1/lib/ruby/2.3.0
  68. /Users/shekharrajak/.rbenv/versions/2.3.1/lib/ruby/2.3.0/x86_64-darwin16
